[debug] [2021-09-26T16:31:43.941Z] ----------------------------------------------------------------------
[debug] [2021-09-26T16:31:43.945Z] Command:       C:\Program Files\nodejs\node.exe C:\Users\moham\AppData\Roaming\npm\node_modules\firebase-tools\lib\bin\firebase.js init
[debug] [2021-09-26T16:31:43.946Z] CLI Version:   9.18.0
[debug] [2021-09-26T16:31:43.946Z] Platform:      win32
[debug] [2021-09-26T16:31:43.946Z] Node Version:  v14.17.5
[debug] [2021-09-26T16:31:43.950Z] Time:          Sun Sep 26 2021 18:31:43 GMT+0200 (Eastern European Standard Time)
[debug] [2021-09-26T16:31:43.950Z] ----------------------------------------------------------------------
[debug] 
[debug] [2021-09-26T16:31:43.955Z] >>> [apiv2][query] GET https://firebase-public.firebaseio.com/cli.json [none]
[debug] [2021-09-26T16:31:43.997Z] > command requires scopes: ["email","openid","https://www.googleapis.com/auth/cloudplatformprojects.readonly","https://www.googleapis.com/auth/firebase","https://www.googleapis.com/auth/cloud-platform"]
[debug] [2021-09-26T16:31:43.998Z] > authorizing via signed-in user (mohamedsaidsm710@gmail.com)
[info] 
     ######## #### ########  ######## ########     ###     ######  ########
     ##        ##  ##     ## ##       ##     ##  ##   ##  ##       ##
     ######    ##  ########  ######   ########  #########  ######  ######
     ##        ##  ##    ##  ##       ##     ## ##     ##       ## ##
     ##       #### ##     ## ######## ########  ##     ##  ######  ########

You're about to initialize a Firebase project in this directory:

  F:\web-development❤\projects\cv_projects\twitter-clone

[debug] [2021-09-26T16:31:44.640Z] <<< [apiv2][status] GET https://firebase-public.firebaseio.com/cli.json 200
[debug] [2021-09-26T16:31:44.640Z] <<< [apiv2][body] GET https://firebase-public.firebaseio.com/cli.json {"cloudBuildErrorAfter":1594252800000,"cloudBuildWarnAfter":1590019200000,"defaultNode10After":1594252800000,"minVersion":"3.0.5","node8DeploysDisabledAfter":1613390400000,"node8RuntimeDisabledAfter":1615809600000,"node8WarnAfter":1600128000000}
